2025-07-20T01:20:32.295779Z TRACE ThreadId(01) version: 1.16.2
2025-07-20T01:20:32.295872Z TRACE ThreadId(01) platform: windows
2025-07-20T01:20:32.295884Z TRACE ThreadId(01) args: [
    "F:\\strikeforcetalon_armory\\tools\\hemtt.exe",
    "build",
    "--no-bin",
]
2025-07-20T01:20:32.296413Z TRACE ThreadId(01) using temporary folder: "C:\\Users\\ryan\\AppData\\Local\\Temp\\hemtt\\strikeforcetalon_armory"
2025-07-20T01:20:32.296424Z TRACE ThreadId(01) using project folder: "F:\\strikeforcetalon_armory"
2025-07-20T01:20:32.296487Z TRACE ThreadId(01) using out folder: "F:\\strikeforcetalon_armory\\.hemttout"
2025-07-20T01:20:32.296733Z TRACE ThreadId(01) using build folder: "F:\\strikeforcetalon_armory\\.hemttout\\build"
2025-07-20T01:20:32.356514Z TRACE ThreadId(01) Prefix: VfsPath { path: "/addons/gear/$PBOPREFIX$", fs: VFS { fs: OverlayFS { layers: [VfsPath { path: "", fs: VFS { fs: In Memory File System } }, VfsPath { path: "", fs: VFS { fs: AltrootFS { root: VfsPath { path: "", fs: VFS { fs: PhysicalFS { root: "F:\\strikeforcetalon_armory\\include" } } } } } }, VfsPath { path: "", fs: VFS { fs: AltrootFS { root: VfsPath { path: "", fs: VFS { fs: PhysicalFS { root: "C:\\Users\\ryan\\AppData\\Local\\Temp\\hemtt\\strikeforcetalon_armory\\hemtt_binarize_output" } } } } } }, VfsPath { path: "", fs: VFS { fs: AltrootFS { root: VfsPath { path: "", fs: VFS { fs: PhysicalFS { root: "F:\\strikeforcetalon_armory" } } } } } }] } } }
2025-07-20T01:20:32.357658Z TRACE ThreadId(01) config.cpp: VfsPath { path: "/addons/gear/config.cpp", fs: VFS { fs: OverlayFS { layers: [VfsPath { path: "", fs: VFS { fs: In Memory File System } }, VfsPath { path: "", fs: VFS { fs: AltrootFS { root: VfsPath { path: "", fs: VFS { fs: PhysicalFS { root: "F:\\strikeforcetalon_armory\\include" } } } } } }, VfsPath { path: "", fs: VFS { fs: AltrootFS { root: VfsPath { path: "", fs: VFS { fs: PhysicalFS { root: "C:\\Users\\ryan\\AppData\\Local\\Temp\\hemtt\\strikeforcetalon_armory\\hemtt_binarize_output" } } } } } }, VfsPath { path: "", fs: VFS { fs: AltrootFS { root: VfsPath { path: "", fs: VFS { fs: PhysicalFS { root: "F:\\strikeforcetalon_armory" } } } } } }] } } }
2025-07-20T01:20:32.363809Z TRACE ThreadId(01) config.cpp: VfsPath { path: "/addons/main/config.cpp", fs: VFS { fs: OverlayFS { layers: [VfsPath { path: "", fs: VFS { fs: In Memory File System } }, VfsPath { path: "", fs: VFS { fs: AltrootFS { root: VfsPath { path: "", fs: VFS { fs: PhysicalFS { root: "F:\\strikeforcetalon_armory\\include" } } } } } }, VfsPath { path: "", fs: VFS { fs: AltrootFS { root: VfsPath { path: "", fs: VFS { fs: PhysicalFS { root: "C:\\Users\\ryan\\AppData\\Local\\Temp\\hemtt\\strikeforcetalon_armory\\hemtt_binarize_output" } } } } } }, VfsPath { path: "", fs: VFS { fs: AltrootFS { root: VfsPath { path: "", fs: VFS { fs: PhysicalFS { root: "F:\\strikeforcetalon_armory" } } } } } }] } } }
2025-07-20T01:20:32.363980Z TRACE ThreadId(01) Prefix: VfsPath { path: "/addons/main/$PBOPREFIX$", fs: VFS { fs: OverlayFS { layers: [VfsPath { path: "", fs: VFS { fs: In Memory File System } }, VfsPath { path: "", fs: VFS { fs: AltrootFS { root: VfsPath { path: "", fs: VFS { fs: PhysicalFS { root: "F:\\strikeforcetalon_armory\\include" } } } } } }, VfsPath { path: "", fs: VFS { fs: AltrootFS { root: VfsPath { path: "", fs: VFS { fs: PhysicalFS { root: "C:\\Users\\ryan\\AppData\\Local\\Temp\\hemtt\\strikeforcetalon_armory\\hemtt_binarize_output" } } } } } }, VfsPath { path: "", fs: VFS { fs: AltrootFS { root: VfsPath { path: "", fs: VFS { fs: PhysicalFS { root: "F:\\strikeforcetalon_armory" } } } } } }] } } }
2025-07-20T01:20:32.365130Z TRACE ThreadId(01) config.cpp: VfsPath { path: "/addons/equipment/config.cpp", fs: VFS { fs: OverlayFS { layers: [VfsPath { path: "", fs: VFS { fs: In Memory File System } }, VfsPath { path: "", fs: VFS { fs: AltrootFS { root: VfsPath { path: "", fs: VFS { fs: PhysicalFS { root: "F:\\strikeforcetalon_armory\\include" } } } } } }, VfsPath { path: "", fs: VFS { fs: AltrootFS { root: VfsPath { path: "", fs: VFS { fs: PhysicalFS { root: "C:\\Users\\ryan\\AppData\\Local\\Temp\\hemtt\\strikeforcetalon_armory\\hemtt_binarize_output" } } } } } }, VfsPath { path: "", fs: VFS { fs: AltrootFS { root: VfsPath { path: "", fs: VFS { fs: PhysicalFS { root: "F:\\strikeforcetalon_armory" } } } } } }] } } }
2025-07-20T01:20:32.365344Z TRACE ThreadId(01) Prefix: VfsPath { path: "/addons/equipment/$PBOPREFIX$", fs: VFS { fs: OverlayFS { layers: [VfsPath { path: "", fs: VFS { fs: In Memory File System } }, VfsPath { path: "", fs: VFS { fs: AltrootFS { root: VfsPath { path: "", fs: VFS { fs: PhysicalFS { root: "F:\\strikeforcetalon_armory\\include" } } } } } }, VfsPath { path: "", fs: VFS { fs: AltrootFS { root: VfsPath { path: "", fs: VFS { fs: PhysicalFS { root: "C:\\Users\\ryan\\AppData\\Local\\Temp\\hemtt\\strikeforcetalon_armory\\hemtt_binarize_output" } } } } } }, VfsPath { path: "", fs: VFS { fs: AltrootFS { root: VfsPath { path: "", fs: VFS { fs: PhysicalFS { root: "F:\\strikeforcetalon_armory" } } } } } }] } } }
2025-07-20T01:20:32.366530Z TRACE ThreadId(01) Prefix: VfsPath { path: "/addons/koslovics/$PBOPREFIX$", fs: VFS { fs: OverlayFS { layers: [VfsPath { path: "", fs: VFS { fs: In Memory File System } }, VfsPath { path: "", fs: VFS { fs: AltrootFS { root: VfsPath { path: "", fs: VFS { fs: PhysicalFS { root: "F:\\strikeforcetalon_armory\\include" } } } } } }, VfsPath { path: "", fs: VFS { fs: AltrootFS { root: VfsPath { path: "", fs: VFS { fs: PhysicalFS { root: "C:\\Users\\ryan\\AppData\\Local\\Temp\\hemtt\\strikeforcetalon_armory\\hemtt_binarize_output" } } } } } }, VfsPath { path: "", fs: VFS { fs: AltrootFS { root: VfsPath { path: "", fs: VFS { fs: PhysicalFS { root: "F:\\strikeforcetalon_armory" } } } } } }] } } }
2025-07-20T01:20:32.367102Z TRACE ThreadId(01) config.cpp: VfsPath { path: "/addons/koslovics/config.cpp", fs: VFS { fs: OverlayFS { layers: [VfsPath { path: "", fs: VFS { fs: In Memory File System } }, VfsPath { path: "", fs: VFS { fs: AltrootFS { root: VfsPath { path: "", fs: VFS { fs: PhysicalFS { root: "F:\\strikeforcetalon_armory\\include" } } } } } }, VfsPath { path: "", fs: VFS { fs: AltrootFS { root: VfsPath { path: "", fs: VFS { fs: PhysicalFS { root: "C:\\Users\\ryan\\AppData\\Local\\Temp\\hemtt\\strikeforcetalon_armory\\hemtt_binarize_output" } } } } } }, VfsPath { path: "", fs: VFS { fs: AltrootFS { root: VfsPath { path: "", fs: VFS { fs: PhysicalFS { root: "F:\\strikeforcetalon_armory" } } } } } }] } } }
2025-07-20T01:20:32.367611Z TRACE ThreadId(01) Prefix: VfsPath { path: "/addons/audio/$PBOPREFIX$", fs: VFS { fs: OverlayFS { layers: [VfsPath { path: "", fs: VFS { fs: In Memory File System } }, VfsPath { path: "", fs: VFS { fs: AltrootFS { root: VfsPath { path: "", fs: VFS { fs: PhysicalFS { root: "F:\\strikeforcetalon_armory\\include" } } } } } }, VfsPath { path: "", fs: VFS { fs: AltrootFS { root: VfsPath { path: "", fs: VFS { fs: PhysicalFS { root: "C:\\Users\\ryan\\AppData\\Local\\Temp\\hemtt\\strikeforcetalon_armory\\hemtt_binarize_output" } } } } } }, VfsPath { path: "", fs: VFS { fs: AltrootFS { root: VfsPath { path: "", fs: VFS { fs: PhysicalFS { root: "F:\\strikeforcetalon_armory" } } } } } }] } } }
2025-07-20T01:20:32.368202Z TRACE ThreadId(01) config.cpp: VfsPath { path: "/addons/audio/config.cpp", fs: VFS { fs: OverlayFS { layers: [VfsPath { path: "", fs: VFS { fs: In Memory File System } }, VfsPath { path: "", fs: VFS { fs: AltrootFS { root: VfsPath { path: "", fs: VFS { fs: PhysicalFS { root: "F:\\strikeforcetalon_armory\\include" } } } } } }, VfsPath { path: "", fs: VFS { fs: AltrootFS { root: VfsPath { path: "", fs: VFS { fs: PhysicalFS { root: "C:\\Users\\ryan\\AppData\\Local\\Temp\\hemtt\\strikeforcetalon_armory\\hemtt_binarize_output" } } } } } }, VfsPath { path: "", fs: VFS { fs: AltrootFS { root: VfsPath { path: "", fs: VFS { fs: PhysicalFS { root: "F:\\strikeforcetalon_armory" } } } } } }] } } }
2025-07-20T01:20:32.368847Z TRACE ThreadId(01) config.cpp: VfsPath { path: "/addons/motorized/config.cpp", fs: VFS { fs: OverlayFS { layers: [VfsPath { path: "", fs: VFS { fs: In Memory File System } }, VfsPath { path: "", fs: VFS { fs: AltrootFS { root: VfsPath { path: "", fs: VFS { fs: PhysicalFS { root: "F:\\strikeforcetalon_armory\\include" } } } } } }, VfsPath { path: "", fs: VFS { fs: AltrootFS { root: VfsPath { path: "", fs: VFS { fs: PhysicalFS { root: "C:\\Users\\ryan\\AppData\\Local\\Temp\\hemtt\\strikeforcetalon_armory\\hemtt_binarize_output" } } } } } }, VfsPath { path: "", fs: VFS { fs: AltrootFS { root: VfsPath { path: "", fs: VFS { fs: PhysicalFS { root: "F:\\strikeforcetalon_armory" } } } } } }] } } }
2025-07-20T01:20:32.369019Z TRACE ThreadId(01) Prefix: VfsPath { path: "/addons/motorized/$PBOPREFIX$", fs: VFS { fs: OverlayFS { layers: [VfsPath { path: "", fs: VFS { fs: In Memory File System } }, VfsPath { path: "", fs: VFS { fs: AltrootFS { root: VfsPath { path: "", fs: VFS { fs: PhysicalFS { root: "F:\\strikeforcetalon_armory\\include" } } } } } }, VfsPath { path: "", fs: VFS { fs: AltrootFS { root: VfsPath { path: "", fs: VFS { fs: PhysicalFS { root: "C:\\Users\\ryan\\AppData\\Local\\Temp\\hemtt\\strikeforcetalon_armory\\hemtt_binarize_output" } } } } } }, VfsPath { path: "", fs: VFS { fs: AltrootFS { root: VfsPath { path: "", fs: VFS { fs: PhysicalFS { root: "F:\\strikeforcetalon_armory" } } } } } }] } } }
2025-07-20T01:20:32.370392Z TRACE ThreadId(01) Prefix: VfsPath { path: "/addons/sft_faction/$PBOPREFIX$", fs: VFS { fs: OverlayFS { layers: [VfsPath { path: "", fs: VFS { fs: In Memory File System } }, VfsPath { path: "", fs: VFS { fs: AltrootFS { root: VfsPath { path: "", fs: VFS { fs: PhysicalFS { root: "F:\\strikeforcetalon_armory\\include" } } } } } }, VfsPath { path: "", fs: VFS { fs: AltrootFS { root: VfsPath { path: "", fs: VFS { fs: PhysicalFS { root: "C:\\Users\\ryan\\AppData\\Local\\Temp\\hemtt\\strikeforcetalon_armory\\hemtt_binarize_output" } } } } } }, VfsPath { path: "", fs: VFS { fs: AltrootFS { root: VfsPath { path: "", fs: VFS { fs: PhysicalFS { root: "F:\\strikeforcetalon_armory" } } } } } }] } } }
2025-07-20T01:20:32.371010Z TRACE ThreadId(01) config.cpp: VfsPath { path: "/addons/sft_faction/config.cpp", fs: VFS { fs: OverlayFS { layers: [VfsPath { path: "", fs: VFS { fs: In Memory File System } }, VfsPath { path: "", fs: VFS { fs: AltrootFS { root: VfsPath { path: "", fs: VFS { fs: PhysicalFS { root: "F:\\strikeforcetalon_armory\\include" } } } } } }, VfsPath { path: "", fs: VFS { fs: AltrootFS { root: VfsPath { path: "", fs: VFS { fs: PhysicalFS { root: "C:\\Users\\ryan\\AppData\\Local\\Temp\\hemtt\\strikeforcetalon_armory\\hemtt_binarize_output" } } } } } }, VfsPath { path: "", fs: VFS { fs: AltrootFS { root: VfsPath { path: "", fs: VFS { fs: PhysicalFS { root: "F:\\strikeforcetalon_armory" } } } } } }] } } }
2025-07-20T01:20:32.371838Z TRACE ThreadId(01) Prefix: VfsPath { path: "/addons/turrets/$PBOPREFIX$", fs: VFS { fs: OverlayFS { layers: [VfsPath { path: "", fs: VFS { fs: In Memory File System } }, VfsPath { path: "", fs: VFS { fs: AltrootFS { root: VfsPath { path: "", fs: VFS { fs: PhysicalFS { root: "F:\\strikeforcetalon_armory\\include" } } } } } }, VfsPath { path: "", fs: VFS { fs: AltrootFS { root: VfsPath { path: "", fs: VFS { fs: PhysicalFS { root: "C:\\Users\\ryan\\AppData\\Local\\Temp\\hemtt\\strikeforcetalon_armory\\hemtt_binarize_output" } } } } } }, VfsPath { path: "", fs: VFS { fs: AltrootFS { root: VfsPath { path: "", fs: VFS { fs: PhysicalFS { root: "F:\\strikeforcetalon_armory" } } } } } }] } } }
2025-07-20T01:20:32.372396Z TRACE ThreadId(01) config.cpp: VfsPath { path: "/addons/turrets/config.cpp", fs: VFS { fs: OverlayFS { layers: [VfsPath { path: "", fs: VFS { fs: In Memory File System } }, VfsPath { path: "", fs: VFS { fs: AltrootFS { root: VfsPath { path: "", fs: VFS { fs: PhysicalFS { root: "F:\\strikeforcetalon_armory\\include" } } } } } }, VfsPath { path: "", fs: VFS { fs: AltrootFS { root: VfsPath { path: "", fs: VFS { fs: PhysicalFS { root: "C:\\Users\\ryan\\AppData\\Local\\Temp\\hemtt\\strikeforcetalon_armory\\hemtt_binarize_output" } } } } } }, VfsPath { path: "", fs: VFS { fs: AltrootFS { root: VfsPath { path: "", fs: VFS { fs: PhysicalFS { root: "F:\\strikeforcetalon_armory" } } } } } }] } } }
2025-07-20T01:20:32.373214Z TRACE ThreadId(01) config.cpp: VfsPath { path: "/addons/items/config.cpp", fs: VFS { fs: OverlayFS { layers: [VfsPath { path: "", fs: VFS { fs: In Memory File System } }, VfsPath { path: "", fs: VFS { fs: AltrootFS { root: VfsPath { path: "", fs: VFS { fs: PhysicalFS { root: "F:\\strikeforcetalon_armory\\include" } } } } } }, VfsPath { path: "", fs: VFS { fs: AltrootFS { root: VfsPath { path: "", fs: VFS { fs: PhysicalFS { root: "C:\\Users\\ryan\\AppData\\Local\\Temp\\hemtt\\strikeforcetalon_armory\\hemtt_binarize_output" } } } } } }, VfsPath { path: "", fs: VFS { fs: AltrootFS { root: VfsPath { path: "", fs: VFS { fs: PhysicalFS { root: "F:\\strikeforcetalon_armory" } } } } } }] } } }
2025-07-20T01:20:32.373416Z TRACE ThreadId(01) Prefix: VfsPath { path: "/addons/items/$PBOPREFIX$", fs: VFS { fs: OverlayFS { layers: [VfsPath { path: "", fs: VFS { fs: In Memory File System } }, VfsPath { path: "", fs: VFS { fs: AltrootFS { root: VfsPath { path: "", fs: VFS { fs: PhysicalFS { root: "F:\\strikeforcetalon_armory\\include" } } } } } }, VfsPath { path: "", fs: VFS { fs: AltrootFS { root: VfsPath { path: "", fs: VFS { fs: PhysicalFS { root: "C:\\Users\\ryan\\AppData\\Local\\Temp\\hemtt\\strikeforcetalon_armory\\hemtt_binarize_output" } } } } } }, VfsPath { path: "", fs: VFS { fs: AltrootFS { root: VfsPath { path: "", fs: VFS { fs: PhysicalFS { root: "F:\\strikeforcetalon_armory" } } } } } }] } } }
2025-07-20T01:20:32.374387Z TRACE ThreadId(01) config.cpp: VfsPath { path: "/addons/factions/config.cpp", fs: VFS { fs: OverlayFS { layers: [VfsPath { path: "", fs: VFS { fs: In Memory File System } }, VfsPath { path: "", fs: VFS { fs: AltrootFS { root: VfsPath { path: "", fs: VFS { fs: PhysicalFS { root: "F:\\strikeforcetalon_armory\\include" } } } } } }, VfsPath { path: "", fs: VFS { fs: AltrootFS { root: VfsPath { path: "", fs: VFS { fs: PhysicalFS { root: "C:\\Users\\ryan\\AppData\\Local\\Temp\\hemtt\\strikeforcetalon_armory\\hemtt_binarize_output" } } } } } }, VfsPath { path: "", fs: VFS { fs: AltrootFS { root: VfsPath { path: "", fs: VFS { fs: PhysicalFS { root: "F:\\strikeforcetalon_armory" } } } } } }] } } }
2025-07-20T01:20:32.374743Z TRACE ThreadId(01) Prefix: VfsPath { path: "/addons/factions/$PBOPREFIX$", fs: VFS { fs: OverlayFS { layers: [VfsPath { path: "", fs: VFS { fs: In Memory File System } }, VfsPath { path: "", fs: VFS { fs: AltrootFS { root: VfsPath { path: "", fs: VFS { fs: PhysicalFS { root: "F:\\strikeforcetalon_armory\\include" } } } } } }, VfsPath { path: "", fs: VFS { fs: AltrootFS { root: VfsPath { path: "", fs: VFS { fs: PhysicalFS { root: "C:\\Users\\ryan\\AppData\\Local\\Temp\\hemtt\\strikeforcetalon_armory\\hemtt_binarize_output" } } } } } }, VfsPath { path: "", fs: VFS { fs: AltrootFS { root: VfsPath { path: "", fs: VFS { fs: PhysicalFS { root: "F:\\strikeforcetalon_armory" } } } } } }] } } }
2025-07-20T01:20:32.375620Z TRACE ThreadId(01) Prefix: VfsPath { path: "/addons/supply_pods/$PBOPREFIX$", fs: VFS { fs: OverlayFS { layers: [VfsPath { path: "", fs: VFS { fs: In Memory File System } }, VfsPath { path: "", fs: VFS { fs: AltrootFS { root: VfsPath { path: "", fs: VFS { fs: PhysicalFS { root: "F:\\strikeforcetalon_armory\\include" } } } } } }, VfsPath { path: "", fs: VFS { fs: AltrootFS { root: VfsPath { path: "", fs: VFS { fs: PhysicalFS { root: "C:\\Users\\ryan\\AppData\\Local\\Temp\\hemtt\\strikeforcetalon_armory\\hemtt_binarize_output" } } } } } }, VfsPath { path: "", fs: VFS { fs: AltrootFS { root: VfsPath { path: "", fs: VFS { fs: PhysicalFS { root: "F:\\strikeforcetalon_armory" } } } } } }] } } }
2025-07-20T01:20:32.376144Z TRACE ThreadId(01) config.cpp: VfsPath { path: "/addons/supply_pods/config.cpp", fs: VFS { fs: OverlayFS { layers: [VfsPath { path: "", fs: VFS { fs: In Memory File System } }, VfsPath { path: "", fs: VFS { fs: AltrootFS { root: VfsPath { path: "", fs: VFS { fs: PhysicalFS { root: "F:\\strikeforcetalon_armory\\include" } } } } } }, VfsPath { path: "", fs: VFS { fs: AltrootFS { root: VfsPath { path: "", fs: VFS { fs: PhysicalFS { root: "C:\\Users\\ryan\\AppData\\Local\\Temp\\hemtt\\strikeforcetalon_armory\\hemtt_binarize_output" } } } } } }, VfsPath { path: "", fs: VFS { fs: AltrootFS { root: VfsPath { path: "", fs: VFS { fs: PhysicalFS { root: "F:\\strikeforcetalon_armory" } } } } } }] } } }
2025-07-20T01:20:32.376818Z TRACE ThreadId(01) Prefix: VfsPath { path: "/addons/functions/$PBOPREFIX$", fs: VFS { fs: OverlayFS { layers: [VfsPath { path: "", fs: VFS { fs: In Memory File System } }, VfsPath { path: "", fs: VFS { fs: AltrootFS { root: VfsPath { path: "", fs: VFS { fs: PhysicalFS { root: "F:\\strikeforcetalon_armory\\include" } } } } } }, VfsPath { path: "", fs: VFS { fs: AltrootFS { root: VfsPath { path: "", fs: VFS { fs: PhysicalFS { root: "C:\\Users\\ryan\\AppData\\Local\\Temp\\hemtt\\strikeforcetalon_armory\\hemtt_binarize_output" } } } } } }, VfsPath { path: "", fs: VFS { fs: AltrootFS { root: VfsPath { path: "", fs: VFS { fs: PhysicalFS { root: "F:\\strikeforcetalon_armory" } } } } } }] } } }
2025-07-20T01:20:32.377344Z TRACE ThreadId(01) config.cpp: VfsPath { path: "/addons/functions/config.cpp", fs: VFS { fs: OverlayFS { layers: [VfsPath { path: "", fs: VFS { fs: In Memory File System } }, VfsPath { path: "", fs: VFS { fs: AltrootFS { root: VfsPath { path: "", fs: VFS { fs: PhysicalFS { root: "F:\\strikeforcetalon_armory\\include" } } } } } }, VfsPath { path: "", fs: VFS { fs: AltrootFS { root: VfsPath { path: "", fs: VFS { fs: PhysicalFS { root: "C:\\Users\\ryan\\AppData\\Local\\Temp\\hemtt\\strikeforcetalon_armory\\hemtt_binarize_output" } } } } } }, VfsPath { path: "", fs: VFS { fs: AltrootFS { root: VfsPath { path: "", fs: VFS { fs: PhysicalFS { root: "F:\\strikeforcetalon_armory" } } } } } }] } } }
2025-07-20T01:20:32.378178Z TRACE ThreadId(01) config.cpp: VfsPath { path: "/addons/map_markers/config.cpp", fs: VFS { fs: OverlayFS { layers: [VfsPath { path: "", fs: VFS { fs: In Memory File System } }, VfsPath { path: "", fs: VFS { fs: AltrootFS { root: VfsPath { path: "", fs: VFS { fs: PhysicalFS { root: "F:\\strikeforcetalon_armory\\include" } } } } } }, VfsPath { path: "", fs: VFS { fs: AltrootFS { root: VfsPath { path: "", fs: VFS { fs: PhysicalFS { root: "C:\\Users\\ryan\\AppData\\Local\\Temp\\hemtt\\strikeforcetalon_armory\\hemtt_binarize_output" } } } } } }, VfsPath { path: "", fs: VFS { fs: AltrootFS { root: VfsPath { path: "", fs: VFS { fs: PhysicalFS { root: "F:\\strikeforcetalon_armory" } } } } } }] } } }
2025-07-20T01:20:32.378350Z TRACE ThreadId(01) Prefix: VfsPath { path: "/addons/map_markers/$PBOPREFIX$", fs: VFS { fs: OverlayFS { layers: [VfsPath { path: "", fs: VFS { fs: In Memory File System } }, VfsPath { path: "", fs: VFS { fs: AltrootFS { root: VfsPath { path: "", fs: VFS { fs: PhysicalFS { root: "F:\\strikeforcetalon_armory\\include" } } } } } }, VfsPath { path: "", fs: VFS { fs: AltrootFS { root: VfsPath { path: "", fs: VFS { fs: PhysicalFS { root: "C:\\Users\\ryan\\AppData\\Local\\Temp\\hemtt\\strikeforcetalon_armory\\hemtt_binarize_output" } } } } } }, VfsPath { path: "", fs: VFS { fs: AltrootFS { root: VfsPath { path: "", fs: VFS { fs: PhysicalFS { root: "F:\\strikeforcetalon_armory" } } } } } }] } } }
2025-07-20T01:20:32.384815Z TRACE ThreadId(01) Prefix: VfsPath { path: "/addons/weapons/$PBOPREFIX$", fs: VFS { fs: OverlayFS { layers: [VfsPath { path: "", fs: VFS { fs: In Memory File System } }, VfsPath { path: "", fs: VFS { fs: AltrootFS { root: VfsPath { path: "", fs: VFS { fs: PhysicalFS { root: "F:\\strikeforcetalon_armory\\include" } } } } } }, VfsPath { path: "", fs: VFS { fs: AltrootFS { root: VfsPath { path: "", fs: VFS { fs: PhysicalFS { root: "C:\\Users\\ryan\\AppData\\Local\\Temp\\hemtt\\strikeforcetalon_armory\\hemtt_binarize_output" } } } } } }, VfsPath { path: "", fs: VFS { fs: AltrootFS { root: VfsPath { path: "", fs: VFS { fs: PhysicalFS { root: "F:\\strikeforcetalon_armory" } } } } } }] } } }
2025-07-20T01:20:32.385985Z TRACE ThreadId(01) config.cpp: VfsPath { path: "/addons/weapons/config.cpp", fs: VFS { fs: OverlayFS { layers: [VfsPath { path: "", fs: VFS { fs: In Memory File System } }, VfsPath { path: "", fs: VFS { fs: AltrootFS { root: VfsPath { path: "", fs: VFS { fs: PhysicalFS { root: "F:\\strikeforcetalon_armory\\include" } } } } } }, VfsPath { path: "", fs: VFS { fs: AltrootFS { root: VfsPath { path: "", fs: VFS { fs: PhysicalFS { root: "C:\\Users\\ryan\\AppData\\Local\\Temp\\hemtt\\strikeforcetalon_armory\\hemtt_binarize_output" } } } } } }, VfsPath { path: "", fs: VFS { fs: AltrootFS { root: VfsPath { path: "", fs: VFS { fs: PhysicalFS { root: "F:\\strikeforcetalon_armory" } } } } } }] } } }
2025-07-20T01:20:32.386956Z TRACE ThreadId(01) Prefix: VfsPath { path: "/addons/ui/$PBOPREFIX$", fs: VFS { fs: OverlayFS { layers: [VfsPath { path: "", fs: VFS { fs: In Memory File System } }, VfsPath { path: "", fs: VFS { fs: AltrootFS { root: VfsPath { path: "", fs: VFS { fs: PhysicalFS { root: "F:\\strikeforcetalon_armory\\include" } } } } } }, VfsPath { path: "", fs: VFS { fs: AltrootFS { root: VfsPath { path: "", fs: VFS { fs: PhysicalFS { root: "C:\\Users\\ryan\\AppData\\Local\\Temp\\hemtt\\strikeforcetalon_armory\\hemtt_binarize_output" } } } } } }, VfsPath { path: "", fs: VFS { fs: AltrootFS { root: VfsPath { path: "", fs: VFS { fs: PhysicalFS { root: "F:\\strikeforcetalon_armory" } } } } } }] } } }
2025-07-20T01:20:32.387472Z TRACE ThreadId(01) config.cpp: VfsPath { path: "/addons/ui/config.cpp", fs: VFS { fs: OverlayFS { layers: [VfsPath { path: "", fs: VFS { fs: In Memory File System } }, VfsPath { path: "", fs: VFS { fs: AltrootFS { root: VfsPath { path: "", fs: VFS { fs: PhysicalFS { root: "F:\\strikeforcetalon_armory\\include" } } } } } }, VfsPath { path: "", fs: VFS { fs: AltrootFS { root: VfsPath { path: "", fs: VFS { fs: PhysicalFS { root: "C:\\Users\\ryan\\AppData\\Local\\Temp\\hemtt\\strikeforcetalon_armory\\hemtt_binarize_output" } } } } } }, VfsPath { path: "", fs: VFS { fs: AltrootFS { root: VfsPath { path: "", fs: VFS { fs: PhysicalFS { root: "F:\\strikeforcetalon_armory" } } } } } }] } } }
2025-07-20T01:20:32.388559Z TRACE ThreadId(01) config.cpp: VfsPath { path: "/addons/mission_assets/config.cpp", fs: VFS { fs: OverlayFS { layers: [VfsPath { path: "", fs: VFS { fs: In Memory File System } }, VfsPath { path: "", fs: VFS { fs: AltrootFS { root: VfsPath { path: "", fs: VFS { fs: PhysicalFS { root: "F:\\strikeforcetalon_armory\\include" } } } } } }, VfsPath { path: "", fs: VFS { fs: AltrootFS { root: VfsPath { path: "", fs: VFS { fs: PhysicalFS { root: "C:\\Users\\ryan\\AppData\\Local\\Temp\\hemtt\\strikeforcetalon_armory\\hemtt_binarize_output" } } } } } }, VfsPath { path: "", fs: VFS { fs: AltrootFS { root: VfsPath { path: "", fs: VFS { fs: PhysicalFS { root: "F:\\strikeforcetalon_armory" } } } } } }] } } }
2025-07-20T01:20:32.389054Z TRACE ThreadId(01) Prefix: VfsPath { path: "/addons/mission_assets/$PBOPREFIX$", fs: VFS { fs: OverlayFS { layers: [VfsPath { path: "", fs: VFS { fs: In Memory File System } }, VfsPath { path: "", fs: VFS { fs: AltrootFS { root: VfsPath { path: "", fs: VFS { fs: PhysicalFS { root: "F:\\strikeforcetalon_armory\\include" } } } } } }, VfsPath { path: "", fs: VFS { fs: AltrootFS { root: VfsPath { path: "", fs: VFS { fs: PhysicalFS { root: "C:\\Users\\ryan\\AppData\\Local\\Temp\\hemtt\\strikeforcetalon_armory\\hemtt_binarize_output" } } } } } }, VfsPath { path: "", fs: VFS { fs: AltrootFS { root: VfsPath { path: "", fs: VFS { fs: PhysicalFS { root: "F:\\strikeforcetalon_armory" } } } } } }] } } }
2025-07-20T01:20:32.390441Z TRACE ThreadId(01) config.cpp: VfsPath { path: "/addons/aircraft/config.cpp", fs: VFS { fs: OverlayFS { layers: [VfsPath { path: "", fs: VFS { fs: In Memory File System } }, VfsPath { path: "", fs: VFS { fs: AltrootFS { root: VfsPath { path: "", fs: VFS { fs: PhysicalFS { root: "F:\\strikeforcetalon_armory\\include" } } } } } }, VfsPath { path: "", fs: VFS { fs: AltrootFS { root: VfsPath { path: "", fs: VFS { fs: PhysicalFS { root: "C:\\Users\\ryan\\AppData\\Local\\Temp\\hemtt\\strikeforcetalon_armory\\hemtt_binarize_output" } } } } } }, VfsPath { path: "", fs: VFS { fs: AltrootFS { root: VfsPath { path: "", fs: VFS { fs: PhysicalFS { root: "F:\\strikeforcetalon_armory" } } } } } }] } } }
2025-07-20T01:20:32.390932Z TRACE ThreadId(01) Prefix: VfsPath { path: "/addons/aircraft/$PBOPREFIX$", fs: VFS { fs: OverlayFS { layers: [VfsPath { path: "", fs: VFS { fs: In Memory File System } }, VfsPath { path: "", fs: VFS { fs: AltrootFS { root: VfsPath { path: "", fs: VFS { fs: PhysicalFS { root: "F:\\strikeforcetalon_armory\\include" } } } } } }, VfsPath { path: "", fs: VFS { fs: AltrootFS { root: VfsPath { path: "", fs: VFS { fs: PhysicalFS { root: "C:\\Users\\ryan\\AppData\\Local\\Temp\\hemtt\\strikeforcetalon_armory\\hemtt_binarize_output" } } } } } }, VfsPath { path: "", fs: VFS { fs: AltrootFS { root: VfsPath { path: "", fs: VFS { fs: PhysicalFS { root: "F:\\strikeforcetalon_armory" } } } } } }] } } }
2025-07-20T01:20:32.395105Z TRACE ThreadId(01) reading version from project.toml
2025-07-20T01:20:32.395464Z  INFO ThreadId(01) Config loaded for StrikeForce Talon Armory 1.0.0.0
2025-07-20T01:20:32.395580Z TRACE ThreadId(01) Scanning F:\strikeforcetalon_armory\addons for addons
2025-07-20T01:20:32.401288Z  INFO ThreadId(01) Creating `build` version
2025-07-20T01:20:32.401311Z TRACE ThreadId(01) phase: init (BOM Check) (start)
2025-07-20T01:20:32.401321Z TRACE ThreadId(01) phase: init (BOM Check) (done)
2025-07-20T01:20:32.401325Z TRACE ThreadId(01) phase: init (Fine New Line Check) (start)
2025-07-20T01:20:32.401328Z TRACE ThreadId(01) phase: init (Fine New Line Check) (done)
2025-07-20T01:20:32.401331Z TRACE ThreadId(01) phase: init (Hooks) (start)
2025-07-20T01:20:32.401420Z TRACE ThreadId(01) no hooks folder
2025-07-20T01:20:32.401426Z TRACE ThreadId(01) phase: init (Hooks) (done)
2025-07-20T01:20:32.401429Z TRACE ThreadId(01) phase: init (Files) (start)
2025-07-20T01:20:32.401433Z TRACE ThreadId(01) phase: init (Files) (done)
2025-07-20T01:20:32.401436Z TRACE ThreadId(01) phase: init (Rapifier) (start)
2025-07-20T01:20:32.401439Z TRACE ThreadId(01) phase: init (Rapifier) (done)
2025-07-20T01:20:32.401441Z TRACE ThreadId(01) phase: init (SQF) (start)
2025-07-20T01:20:32.937074Z TRACE ThreadId(01) phase: init (SQF) (done)
2025-07-20T01:20:32.937094Z TRACE ThreadId(01) phase: init (Stringtables) (start)
2025-07-20T01:20:32.937098Z TRACE ThreadId(01) phase: init (Stringtables) (done)
2025-07-20T01:20:32.937105Z TRACE ThreadId(01) phase: check (BOM Check) (start)
2025-07-20T01:20:32.951836Z TRACE ThreadId(01) phase: check (BOM Check) (done)
2025-07-20T01:20:32.951853Z TRACE ThreadId(01) phase: check (Fine New Line Check) (start)
2025-07-20T01:20:32.956614Z TRACE ThreadId(01) phase: check (Fine New Line Check) (done)
2025-07-20T01:20:32.956626Z TRACE ThreadId(01) phase: check (Hooks) (start)
2025-07-20T01:20:32.956630Z TRACE ThreadId(01) phase: check (Hooks) (done)
2025-07-20T01:20:32.956633Z TRACE ThreadId(01) phase: check (Files) (start)
2025-07-20T01:20:32.956636Z TRACE ThreadId(01) phase: check (Files) (done)
2025-07-20T01:20:32.956639Z TRACE ThreadId(01) phase: check (Rapifier) (start)
2025-07-20T01:20:32.956699Z TRACE ThreadId(01) phase: check (Rapifier) (done)
2025-07-20T01:20:32.956703Z TRACE ThreadId(01) phase: check (SQF) (start)
2025-07-20T01:20:32.956763Z TRACE ThreadId(01) phase: check (SQF) (done)
2025-07-20T01:20:32.956767Z TRACE ThreadId(01) phase: check (Stringtables) (start)
2025-07-20T01:20:32.956795Z TRACE ThreadId(01) phase: check (Stringtables) (done)
2025-07-20T01:20:32.956799Z TRACE ThreadId(01) phase: pre_build (BOM Check) (start)
2025-07-20T01:20:32.956802Z TRACE ThreadId(01) phase: pre_build (BOM Check) (done)
2025-07-20T01:20:32.956805Z TRACE ThreadId(01) phase: pre_build (Fine New Line Check) (start)
2025-07-20T01:20:32.956808Z TRACE ThreadId(01) phase: pre_build (Fine New Line Check) (done)
2025-07-20T01:20:32.956810Z TRACE ThreadId(01) phase: pre_build (Hooks) (start)
2025-07-20T01:20:32.956817Z TRACE ThreadId(01) phase: pre_build (Hooks) (done)
2025-07-20T01:20:32.956819Z TRACE ThreadId(01) phase: pre_build (Files) (start)
2025-07-20T01:20:32.956822Z TRACE ThreadId(01) phase: pre_build (Files) (done)
2025-07-20T01:20:32.956825Z TRACE ThreadId(01) phase: pre_build (Rapifier) (start)
2025-07-20T01:20:33.960330Z  INFO ThreadId(01) Rapified 17 addon configs
2025-07-20T01:20:33.960429Z TRACE ThreadId(01) phase: pre_build (Rapifier) (done)
2025-07-20T01:20:33.960436Z TRACE ThreadId(01) phase: pre_build (SQF) (start)
2025-07-20T01:20:34.029560Z TRACE ThreadId(01) sqf compiling /addons/functions/mainMenuVideo.sqf
2025-07-20T01:20:34.031334Z  INFO ThreadId(01) Compiled 1 sqf files
2025-07-20T01:20:34.031388Z TRACE ThreadId(01) phase: pre_build (SQF) (done)
2025-07-20T01:20:34.031395Z TRACE ThreadId(01) phase: pre_build (Stringtables) (start)
2025-07-20T01:20:34.061708Z  INFO ThreadId(01) Checked 0 stringtables
2025-07-20T01:20:34.061733Z TRACE ThreadId(01) phase: pre_build (Stringtables) (done)
2025-07-20T01:20:34.061744Z TRACE ThreadId(01) phase: build (start)
2025-07-20T01:20:34.068084Z DEBUG ThreadId(01) creating "F:\\strikeforcetalon_armory\\.hemttout\\build\\addons"
2025-07-20T01:20:34.068230Z DEBUG ThreadId(01) building "addons/aircraft" => "F:\\strikeforcetalon_armory\\.hemttout\\build\\addons\\SFT_aircraft.pbo"
2025-07-20T01:20:34.074298Z TRACE ThreadId(01) adding file "config_macros.hpp"
2025-07-20T01:20:34.074534Z TRACE ThreadId(01) adding file "config.bin"
2025-07-20T01:20:34.074739Z TRACE ThreadId(01) adding file "config_weapons.hpp"
2025-07-20T01:20:34.075106Z TRACE ThreadId(01) adding file "config_magazines.hpp"
2025-07-20T01:20:34.075650Z TRACE ThreadId(01) adding file "falcon\\data\\Falcon_rotorLib.xml"
2025-07-20T01:20:34.076463Z TRACE ThreadId(01) adding file "falcon\\data\\dap\\falcon_main_co.paa"
2025-07-20T01:20:34.076932Z TRACE ThreadId(01) adding file "falcon\\data\\standard\\falcon_interior_co.paa"
2025-07-20T01:20:34.077252Z TRACE ThreadId(01) adding file "falcon\\data\\standard\\falcon_main_co.paa"
2025-07-20T01:20:34.077910Z TRACE ThreadId(01) adding file "falcon\\data\\standard\\falcon_decal_ca.paa"
2025-07-20T01:20:34.078227Z TRACE ThreadId(01) adding file "falcon\\data\\standard\\falcon_attachments_co.paa"
2025-07-20T01:20:34.078558Z TRACE ThreadId(01) adding file "falcon\\data\\standard\\falcon_glass_ca.paa"
2025-07-20T01:20:34.095078Z DEBUG ThreadId(01) "F:\\strikeforcetalon_armory\\.hemttout\\build\\addons" already exists
2025-07-20T01:20:34.095096Z DEBUG ThreadId(01) building "addons/audio" => "F:\\strikeforcetalon_armory\\.hemttout\\build\\addons\\SFT_audio.pbo"
2025-07-20T01:20:34.096015Z TRACE ThreadId(01) adding file "config.bin"
2025-07-20T01:20:34.096700Z TRACE ThreadId(01) adding file "config_macros.hpp"
2025-07-20T01:20:34.097633Z DEBUG ThreadId(01) "F:\\strikeforcetalon_armory\\.hemttout\\build\\addons" already exists
2025-07-20T01:20:34.097642Z DEBUG ThreadId(01) building "addons/equipment" => "F:\\strikeforcetalon_armory\\.hemttout\\build\\addons\\SFT_equipment.pbo"
2025-07-20T01:20:34.098618Z TRACE ThreadId(01) adding file "config_macros.hpp"
2025-07-20T01:20:34.099301Z TRACE ThreadId(01) adding file "config.bin"
2025-07-20T01:20:34.099998Z DEBUG ThreadId(01) "F:\\strikeforcetalon_armory\\.hemttout\\build\\addons" already exists
2025-07-20T01:20:34.100018Z DEBUG ThreadId(01) building "addons/factions" => "F:\\strikeforcetalon_armory\\.hemttout\\build\\addons\\SFT_factions.pbo"
2025-07-20T01:20:34.101010Z TRACE ThreadId(01) adding file "config.bin"
2025-07-20T01:20:34.101777Z TRACE ThreadId(01) adding file "config_macros.hpp"
2025-07-20T01:20:34.102673Z DEBUG ThreadId(01) "F:\\strikeforcetalon_armory\\.hemttout\\build\\addons" already exists
2025-07-20T01:20:34.102683Z DEBUG ThreadId(01) building "addons/functions" => "F:\\strikeforcetalon_armory\\.hemttout\\build\\addons\\SFT_functions.pbo"
2025-07-20T01:20:34.103616Z TRACE ThreadId(01) adding file "mainMenuVideo.sqfc"
2025-07-20T01:20:34.103792Z TRACE ThreadId(01) adding file "config.bin"
2025-07-20T01:20:34.103957Z TRACE ThreadId(01) adding file "config_macros.hpp"
2025-07-20T01:20:34.104807Z TRACE ThreadId(01) adding file "mainMenuVideo.sqf"
2025-07-20T01:20:34.105780Z DEBUG ThreadId(01) "F:\\strikeforcetalon_armory\\.hemttout\\build\\addons" already exists
2025-07-20T01:20:34.105824Z DEBUG ThreadId(01) building "addons/gear" => "F:\\strikeforcetalon_armory\\.hemttout\\build\\addons\\SFT_gear.pbo"
2025-07-20T01:20:34.112482Z TRACE ThreadId(01) adding file "config_macros.hpp"
2025-07-20T01:20:34.113735Z TRACE ThreadId(01) adding file "config_xtdgearmodels.hpp"
2025-07-20T01:20:34.114044Z TRACE ThreadId(01) adding file "config.bin"
2025-07-20T01:20:34.114209Z TRACE ThreadId(01) adding file "backpack\\SFT_rucksackCorpsman_CO.paa"
2025-07-20T01:20:34.114519Z TRACE ThreadId(01) adding file "backpack\\SFT_rucksack_CO.paa"
2025-07-20T01:20:34.114828Z TRACE ThreadId(01) adding file "bdu\\SFT_bduLowerArmor_CO.paa"
2025-07-20T01:20:34.115569Z TRACE ThreadId(01) adding file "armor\\vest\\base\\PRIVATE_SFT_Standard_M52D_co.paa"
2025-07-20T01:20:34.115890Z TRACE ThreadId(01) adding file "armor\\vest\\base\\SFT_Standard_M52D_co.paa"
2025-07-20T01:20:34.116381Z TRACE ThreadId(01) adding file "armor\\vest\\EAGLE\\shoulders\\SFT_standardShoulder_M52D_co.paa"
2025-07-20T01:20:34.116712Z TRACE ThreadId(01) adding file "armor\\vest\\EAGLE\\shoulders\\SFT_cqbShoulder_M52d_co.paa"
2025-07-20T01:20:34.117057Z TRACE ThreadId(01) adding file "armor\\vest\\EAGLE\\shoulders\\SFT_marksmanShoulder_M52D_co.paa"
2025-07-20T01:20:34.117388Z TRACE ThreadId(01) adding file "helmets\\SFT_Standard_CH252D_CO.paa"
2025-07-20T01:20:34.130113Z DEBUG ThreadId(01) "F:\\strikeforcetalon_armory\\.hemttout\\build\\addons" already exists
2025-07-20T01:20:34.130131Z DEBUG ThreadId(01) building "addons/items" => "F:\\strikeforcetalon_armory\\.hemttout\\build\\addons\\SFT_items.pbo"
2025-07-20T01:20:34.130946Z TRACE ThreadId(01) adding file "config.bin"
2025-07-20T01:20:34.131781Z TRACE ThreadId(01) adding file "config_macros.hpp"
2025-07-20T01:20:34.133198Z DEBUG ThreadId(01) "F:\\strikeforcetalon_armory\\.hemttout\\build\\addons" already exists
2025-07-20T01:20:34.133215Z DEBUG ThreadId(01) building "addons/koslovics" => "F:\\strikeforcetalon_armory\\.hemttout\\build\\addons\\SFT_koslovics.pbo"
2025-07-20T01:20:34.134482Z TRACE ThreadId(01) adding file "config_macros.hpp"
2025-07-20T01:20:34.134709Z TRACE ThreadId(01) adding file "config.bin"
2025-07-20T01:20:34.136546Z DEBUG ThreadId(01) "F:\\strikeforcetalon_armory\\.hemttout\\build\\addons" already exists
2025-07-20T01:20:34.136561Z DEBUG ThreadId(01) building "addons/main" => "F:\\strikeforcetalon_armory\\.hemttout\\build\\addons\\SFT_main.pbo"
2025-07-20T01:20:34.138329Z TRACE ThreadId(01) adding file "config.bin"
2025-07-20T01:20:34.139184Z TRACE ThreadId(01) adding file "script_macros.hpp"
2025-07-20T01:20:34.139673Z TRACE ThreadId(01) adding file "script_component.hpp"
2025-07-20T01:20:34.140292Z TRACE ThreadId(01) adding file "script_mod.hpp"
2025-07-20T01:20:34.140642Z TRACE ThreadId(01) adding file "script_version.hpp"
2025-07-20T01:20:34.141549Z DEBUG ThreadId(01) "F:\\strikeforcetalon_armory\\.hemttout\\build\\addons" already exists
2025-07-20T01:20:34.141557Z DEBUG ThreadId(01) building "addons/map_markers" => "F:\\strikeforcetalon_armory\\.hemttout\\build\\addons\\SFT_map_markers.pbo"
2025-07-20T01:20:34.147510Z TRACE ThreadId(01) adding file "config.bin"
2025-07-20T01:20:34.148340Z TRACE ThreadId(01) adding file "markers\\Insurrectionist_2_SA.paa"
2025-07-20T01:20:34.148664Z TRACE ThreadId(01) adding file "markers\\ONI_SA.paa"
2025-07-20T01:20:34.148993Z TRACE ThreadId(01) adding file "markers\\SoS_SA.paa"
2025-07-20T01:20:34.149332Z TRACE ThreadId(01) adding file "markers\\D20Her_SA.paa"
2025-07-20T01:20:34.149709Z TRACE ThreadId(01) adding file "markers\\Drakeclass_SA.paa"
2025-07-20T01:20:34.150064Z TRACE ThreadId(01) adding file "markers\\Forerunner_SA.paa"
2025-07-20T01:20:34.150408Z TRACE ThreadId(01) adding file "markers\\Hastati_SA.paa"
2025-07-20T01:20:34.150744Z TRACE ThreadId(01) adding file "markers\\UNSC_Navy_SA.paa"
2025-07-20T01:20:34.151059Z TRACE ThreadId(01) adding file "markers\\UNSC_SA.paa"
2025-07-20T01:20:34.151458Z TRACE ThreadId(01) adding file "markers\\CPV_SA.paa"
2025-07-20T01:20:34.151803Z TRACE ThreadId(01) adding file "markers\\Flood_SA.paa"
2025-07-20T01:20:34.152125Z TRACE ThreadId(01) adding file "markers\\Halberd_SA.paa"
2025-07-20T01:20:34.152524Z TRACE ThreadId(01) adding file "markers\\Insurrectionist_SA.paa"
2025-07-20T01:20:34.152932Z TRACE ThreadId(01) adding file "markers\\Covenant_HW_SA.paa"
2025-07-20T01:20:34.153268Z TRACE ThreadId(01) adding file "markers\\CCS_SA.paa"
2025-07-20T01:20:34.153671Z TRACE ThreadId(01) adding file "markers\\WhiteTeam_SA.paa"
2025-07-20T01:20:34.153999Z TRACE ThreadId(01) adding file "markers\\Insurrectionist_3_SA.paa"
2025-07-20T01:20:34.154336Z TRACE ThreadId(01) adding file "markers\\UNSC_Marines_SA.paa"
2025-07-20T01:20:34.154651Z TRACE ThreadId(01) adding file "markers\\CAS_SA.paa"
2025-07-20T01:20:34.155005Z TRACE ThreadId(01) adding file "markers\\Pelican_SA.paa"
2025-07-20T01:20:34.155320Z TRACE ThreadId(01) adding file "markers\\Banished_SA.paa"
2025-07-20T01:20:34.155632Z TRACE ThreadId(01) adding file "markers\\Pillar_SA.paa"
2025-07-20T01:20:34.155944Z TRACE ThreadId(01) adding file "markers\\UNSC_Army_SA.paa"
2025-07-20T01:20:34.156256Z TRACE ThreadId(01) adding file "markers\\CMA_SA.paa"
2025-07-20T01:20:34.156566Z TRACE ThreadId(01) adding file "markers\\Frigate_SA.paa"
2025-07-20T01:20:34.156881Z TRACE ThreadId(01) adding file "markers\\ODST_SA.paa"
2025-07-20T01:20:34.157194Z TRACE ThreadId(01) adding file "markers\\Longsword_SA.paa"
2025-07-20T01:20:34.157509Z TRACE ThreadId(01) adding file "markers\\Covenant_CE_SA.paa"
2025-07-20T01:20:34.157829Z TRACE ThreadId(01) adding file "markers\\SDV_SA.paa"
2025-07-20T01:20:34.158183Z TRACE ThreadId(01) adding file "markers\\Phoenix_SA.paa"
2025-07-20T01:20:34.161455Z DEBUG ThreadId(01) "F:\\strikeforcetalon_armory\\.hemttout\\build\\addons" already exists
2025-07-20T01:20:34.161466Z DEBUG ThreadId(01) building "addons/mission_assets" => "F:\\strikeforcetalon_armory\\.hemttout\\build\\addons\\SFT_mission_assets.pbo"
2025-07-20T01:20:34.162829Z TRACE ThreadId(01) adding file "config.bin"
2025-07-20T01:20:34.163013Z TRACE ThreadId(01) adding file "config_macros.hpp"
2025-07-20T01:20:34.164073Z DEBUG ThreadId(01) "F:\\strikeforcetalon_armory\\.hemttout\\build\\addons" already exists
2025-07-20T01:20:34.164083Z DEBUG ThreadId(01) building "addons/motorized" => "F:\\strikeforcetalon_armory\\.hemttout\\build\\addons\\SFT_motorized.pbo"
2025-07-20T01:20:34.164990Z TRACE ThreadId(01) adding file "config.bin"
2025-07-20T01:20:34.165807Z TRACE ThreadId(01) adding file "config_macros.hpp"
2025-07-20T01:20:34.167732Z DEBUG ThreadId(01) "F:\\strikeforcetalon_armory\\.hemttout\\build\\addons" already exists
2025-07-20T01:20:34.167742Z DEBUG ThreadId(01) building "addons/sft_faction" => "F:\\strikeforcetalon_armory\\.hemttout\\build\\addons\\SFT_sft_faction.pbo"
2025-07-20T01:20:34.168778Z TRACE ThreadId(01) adding file "config_macros.hpp"
2025-07-20T01:20:34.168941Z TRACE ThreadId(01) adding file "config.bin"
2025-07-20T01:20:34.170310Z DEBUG ThreadId(01) "F:\\strikeforcetalon_armory\\.hemttout\\build\\addons" already exists
2025-07-20T01:20:34.170319Z DEBUG ThreadId(01) building "addons/supply_pods" => "F:\\strikeforcetalon_armory\\.hemttout\\build\\addons\\SFT_supply_pods.pbo"
2025-07-20T01:20:34.171041Z TRACE ThreadId(01) adding file "config.bin"
2025-07-20T01:20:34.171801Z TRACE ThreadId(01) adding file "config_macros.hpp"
2025-07-20T01:20:34.172887Z DEBUG ThreadId(01) "F:\\strikeforcetalon_armory\\.hemttout\\build\\addons" already exists
2025-07-20T01:20:34.172896Z DEBUG ThreadId(01) building "addons/turrets" => "F:\\strikeforcetalon_armory\\.hemttout\\build\\addons\\SFT_turrets.pbo"
2025-07-20T01:20:34.174314Z TRACE ThreadId(01) adding file "config_macros.hpp"
2025-07-20T01:20:34.174637Z TRACE ThreadId(01) adding file "config.bin"
2025-07-20T01:20:34.175216Z DEBUG ThreadId(01) "F:\\strikeforcetalon_armory\\.hemttout\\build\\addons" already exists
2025-07-20T01:20:34.175224Z DEBUG ThreadId(01) building "addons/ui" => "F:\\strikeforcetalon_armory\\.hemttout\\build\\addons\\SFT_ui.pbo"
2025-07-20T01:20:34.177281Z TRACE ThreadId(01) adding file "config_macros.hpp"
2025-07-20T01:20:34.177586Z TRACE ThreadId(01) adding file "config.bin"
2025-07-20T01:20:34.177752Z TRACE ThreadId(01) adding file "images\\logo.paa"
2025-07-20T01:20:34.178673Z DEBUG ThreadId(01) "F:\\strikeforcetalon_armory\\.hemttout\\build\\addons" already exists
2025-07-20T01:20:34.178682Z DEBUG ThreadId(01) building "addons/weapons" => "F:\\strikeforcetalon_armory\\.hemttout\\build\\addons\\SFT_weapons.pbo"
2025-07-20T01:20:34.180298Z TRACE ThreadId(01) adding file "config_vehicles.hpp"
2025-07-20T01:20:34.180607Z TRACE ThreadId(01) adding file "config_magazines.hpp"
2025-07-20T01:20:34.180921Z TRACE ThreadId(01) adding file "config.bin"
2025-07-20T01:20:34.181081Z TRACE ThreadId(01) adding file "config_ammo.hpp"
2025-07-20T01:20:34.181387Z TRACE ThreadId(01) adding file "config_macros.hpp"
2025-07-20T01:20:34.182182Z TRACE ThreadId(01) adding file "config_magazinewells.hpp"
2025-07-20T01:20:34.182550Z TRACE ThreadId(01) adding file "config_weapons.hpp"
2025-07-20T01:20:34.184660Z  INFO ThreadId(01) Built 17 PBOs
2025-07-20T01:20:34.184684Z TRACE ThreadId(01) phase: build (done)
2025-07-20T01:20:34.184701Z TRACE ThreadId(01) phase: post_build (BOM Check) (start)
2025-07-20T01:20:34.184705Z TRACE ThreadId(01) phase: post_build (BOM Check) (done)
2025-07-20T01:20:34.184708Z TRACE ThreadId(01) phase: post_build (Fine New Line Check) (start)
2025-07-20T01:20:34.184711Z TRACE ThreadId(01) phase: post_build (Fine New Line Check) (done)
2025-07-20T01:20:34.184714Z TRACE ThreadId(01) phase: post_build (Hooks) (start)
2025-07-20T01:20:34.184717Z TRACE ThreadId(01) phase: post_build (Hooks) (done)
2025-07-20T01:20:34.184721Z TRACE ThreadId(01) phase: post_build (Files) (start)
2025-07-20T01:20:34.908543Z DEBUG ThreadId(01) copying "/mod.cpp" => "F:\\strikeforcetalon_armory\\.hemttout\\build\\mod.cpp"
2025-07-20T01:20:34.910255Z DEBUG ThreadId(01) copying "/LICENSE" => "F:\\strikeforcetalon_armory\\.hemttout\\build\\LICENSE"
2025-07-20T01:20:34.911710Z DEBUG ThreadId(01) copying "/ReadMe.md" => "F:\\strikeforcetalon_armory\\.hemttout\\build\\ReadMe.md"
2025-07-20T01:20:34.912870Z DEBUG ThreadId(01) copying "/logo.paa" => "F:\\strikeforcetalon_armory\\.hemttout\\build\\logo.paa"
2025-07-20T01:20:34.914305Z  INFO ThreadId(01) Copied 4 files
2025-07-20T01:20:34.914329Z TRACE ThreadId(01) phase: post_build (Files) (done)
2025-07-20T01:20:34.914334Z TRACE ThreadId(01) phase: post_build (Rapifier) (start)
2025-07-20T01:20:34.914337Z TRACE ThreadId(01) phase: post_build (Rapifier) (done)
2025-07-20T01:20:34.914340Z TRACE ThreadId(01) phase: post_build (SQF) (start)
2025-07-20T01:20:34.914348Z TRACE ThreadId(01) phase: post_build (SQF) (done)
2025-07-20T01:20:34.914350Z TRACE ThreadId(01) phase: post_build (Stringtables) (start)
2025-07-20T01:20:34.914353Z TRACE ThreadId(01) phase: post_build (Stringtables) (done)
2025-07-20T01:20:35.155465Z TRACE ThreadId(01) writing ci annotations to .hemttout/ci_annotations.txt
2025-07-20T01:20:35.157765Z TRACE ThreadId(01) Code L-C14 does not have a diagnostic, skipping
2025-07-20T01:20:35.157777Z TRACE ThreadId(01) Code L-C14 does not have a diagnostic, skipping
2025-07-20T01:20:35.157780Z TRACE ThreadId(01) Code L-C14 does not have a diagnostic, skipping
2025-07-20T01:20:35.157783Z TRACE ThreadId(01) Code L-C14 does not have a diagnostic, skipping
2025-07-20T01:20:35.157786Z TRACE ThreadId(01) Code L-C14 does not have a diagnostic, skipping
2025-07-20T01:20:35.157788Z TRACE ThreadId(01) Code L-C14 does not have a diagnostic, skipping
2025-07-20T01:20:35.157791Z TRACE ThreadId(01) Code L-C14 does not have a diagnostic, skipping
2025-07-20T01:20:35.157793Z TRACE ThreadId(01) Code L-C14 does not have a diagnostic, skipping
2025-07-20T01:20:35.157796Z TRACE ThreadId(01) Code L-C14 does not have a diagnostic, skipping
2025-07-20T01:20:35.157799Z TRACE ThreadId(01) Code L-C14 does not have a diagnostic, skipping
2025-07-20T01:20:35.157801Z TRACE ThreadId(01) Code L-C14 does not have a diagnostic, skipping
2025-07-20T01:20:35.157804Z TRACE ThreadId(01) Code L-C14 does not have a diagnostic, skipping
2025-07-20T01:20:35.157810Z TRACE ThreadId(01) Code L-C14 does not have a diagnostic, skipping
2025-07-20T01:20:35.157815Z TRACE ThreadId(01) Code L-C14 does not have a diagnostic, skipping
2025-07-20T01:20:35.157818Z TRACE ThreadId(01) Code L-C14 does not have a diagnostic, skipping
2025-07-20T01:20:35.157821Z TRACE ThreadId(01) Code L-C14 does not have a diagnostic, skipping
2025-07-20T01:20:35.157823Z TRACE ThreadId(01) Code L-C14 does not have a diagnostic, skipping
2025-07-20T01:20:35.157826Z TRACE ThreadId(01) Code L-C14 does not have a diagnostic, skipping
2025-07-20T01:20:35.157828Z TRACE ThreadId(01) Code L-C14 does not have a diagnostic, skipping
2025-07-20T01:20:35.157831Z TRACE ThreadId(01) Code L-C14 does not have a diagnostic, skipping
2025-07-20T01:20:35.157834Z TRACE ThreadId(01) Code L-C14 does not have a diagnostic, skipping
2025-07-20T01:20:35.157837Z TRACE ThreadId(01) Code L-C14 does not have a diagnostic, skipping
2025-07-20T01:20:35.157839Z TRACE ThreadId(01) Code L-C14 does not have a diagnostic, skipping
2025-07-20T01:20:35.157842Z TRACE ThreadId(01) Code L-C14 does not have a diagnostic, skipping
2025-07-20T01:20:35.157844Z TRACE ThreadId(01) Code L-C14 does not have a diagnostic, skipping
2025-07-20T01:20:35.157847Z TRACE ThreadId(01) Code L-C14 does not have a diagnostic, skipping
2025-07-20T01:20:35.157850Z TRACE ThreadId(01) Code L-C14 does not have a diagnostic, skipping
2025-07-20T01:20:35.157852Z TRACE ThreadId(01) Code L-C14 does not have a diagnostic, skipping
2025-07-20T01:20:35.157855Z TRACE ThreadId(01) Code L-C14 does not have a diagnostic, skipping
2025-07-20T01:20:35.157857Z TRACE ThreadId(01) Code L-C14 does not have a diagnostic, skipping
2025-07-20T01:20:35.157860Z TRACE ThreadId(01) Code L-C14 does not have a diagnostic, skipping
2025-07-20T01:20:35.157863Z TRACE ThreadId(01) Code L-C14 does not have a diagnostic, skipping
2025-07-20T01:20:35.157865Z TRACE ThreadId(01) Code L-C14 does not have a diagnostic, skipping
2025-07-20T01:20:35.157868Z TRACE ThreadId(01) Code L-C14 does not have a diagnostic, skipping
2025-07-20T01:20:35.157870Z TRACE ThreadId(01) Code L-C14 does not have a diagnostic, skipping
2025-07-20T01:20:35.157873Z TRACE ThreadId(01) Code L-C14 does not have a diagnostic, skipping
2025-07-20T01:20:35.157875Z TRACE ThreadId(01) Code L-C14 does not have a diagnostic, skipping
2025-07-20T01:20:35.157878Z TRACE ThreadId(01) Code L-C14 does not have a diagnostic, skipping
2025-07-20T01:20:35.157881Z TRACE ThreadId(01) Code L-C14 does not have a diagnostic, skipping
2025-07-20T01:20:35.157883Z TRACE ThreadId(01) Code L-C14 does not have a diagnostic, skipping
2025-07-20T01:20:35.157886Z TRACE ThreadId(01) Code L-C14 does not have a diagnostic, skipping
2025-07-20T01:20:35.157889Z TRACE ThreadId(01) Code L-C14 does not have a diagnostic, skipping
2025-07-20T01:20:35.157891Z TRACE ThreadId(01) Code L-C14 does not have a diagnostic, skipping
2025-07-20T01:20:35.157894Z TRACE ThreadId(01) Code L-C14 does not have a diagnostic, skipping
2025-07-20T01:20:35.157896Z TRACE ThreadId(01) Code L-C14 does not have a diagnostic, skipping
2025-07-20T01:20:35.157899Z TRACE ThreadId(01) Code L-C14 does not have a diagnostic, skipping
2025-07-20T01:20:35.157902Z TRACE ThreadId(01) Code L-C14 does not have a diagnostic, skipping
2025-07-20T01:20:35.157904Z TRACE ThreadId(01) Code L-C14 does not have a diagnostic, skipping
2025-07-20T01:20:35.157907Z TRACE ThreadId(01) Code L-C14 does not have a diagnostic, skipping
2025-07-20T01:20:35.157910Z TRACE ThreadId(01) Code L-C14 does not have a diagnostic, skipping
2025-07-20T01:20:35.157912Z TRACE ThreadId(01) Code L-C14 does not have a diagnostic, skipping
2025-07-20T01:20:35.157915Z TRACE ThreadId(01) Code L-C14 does not have a diagnostic, skipping
2025-07-20T01:20:35.157917Z TRACE ThreadId(01) Code L-C14 does not have a diagnostic, skipping
2025-07-20T01:20:35.157920Z TRACE ThreadId(01) Code L-C14 does not have a diagnostic, skipping
2025-07-20T01:20:35.157922Z TRACE ThreadId(01) Code L-C14 does not have a diagnostic, skipping
2025-07-20T01:20:35.157926Z TRACE ThreadId(01) Code L-C14 does not have a diagnostic, skipping
2025-07-20T01:20:35.157929Z TRACE ThreadId(01) Code L-C14 does not have a diagnostic, skipping
2025-07-20T01:20:35.157932Z TRACE ThreadId(01) Code L-C14 does not have a diagnostic, skipping
2025-07-20T01:20:35.157935Z TRACE ThreadId(01) Code L-C14 does not have a diagnostic, skipping
2025-07-20T01:20:35.157937Z TRACE ThreadId(01) Code L-C14 does not have a diagnostic, skipping
2025-07-20T01:20:35.157940Z TRACE ThreadId(01) Code L-C14 does not have a diagnostic, skipping
2025-07-20T01:20:35.157943Z TRACE ThreadId(01) Code L-C14 does not have a diagnostic, skipping
2025-07-20T01:20:35.157945Z TRACE ThreadId(01) Code L-C14 does not have a diagnostic, skipping
2025-07-20T01:20:35.157948Z TRACE ThreadId(01) Code L-C14 does not have a diagnostic, skipping
2025-07-20T01:20:35.157951Z TRACE ThreadId(01) Code L-C14 does not have a diagnostic, skipping
2025-07-20T01:20:35.157953Z TRACE ThreadId(01) Code L-C14 does not have a diagnostic, skipping
2025-07-20T01:20:35.157956Z TRACE ThreadId(01) Code L-C14 does not have a diagnostic, skipping
2025-07-20T01:20:35.157958Z TRACE ThreadId(01) Code L-C14 does not have a diagnostic, skipping
2025-07-20T01:20:35.158647Z TRACE ThreadId(01) Code L-C14 does not have a diagnostic, skipping
2025-07-20T01:20:35.158653Z TRACE ThreadId(01) Code L-C14 does not have a diagnostic, skipping
2025-07-20T01:20:35.158656Z TRACE ThreadId(01) Code L-C14 does not have a diagnostic, skipping
2025-07-20T01:20:35.158659Z TRACE ThreadId(01) Code L-C14 does not have a diagnostic, skipping
2025-07-20T01:20:35.158662Z TRACE ThreadId(01) Code L-C14 does not have a diagnostic, skipping
2025-07-20T01:20:35.158664Z TRACE ThreadId(01) Code L-C14 does not have a diagnostic, skipping
2025-07-20T01:20:35.158667Z TRACE ThreadId(01) Code L-C14 does not have a diagnostic, skipping
2025-07-20T01:20:35.158670Z TRACE ThreadId(01) Code L-C14 does not have a diagnostic, skipping
2025-07-20T01:20:35.158672Z TRACE ThreadId(01) Code L-C14 does not have a diagnostic, skipping
2025-07-20T01:20:35.158675Z TRACE ThreadId(01) Code L-C14 does not have a diagnostic, skipping
2025-07-20T01:20:35.158677Z TRACE ThreadId(01) Code L-C14 does not have a diagnostic, skipping
2025-07-20T01:20:35.158680Z TRACE ThreadId(01) Code L-C14 does not have a diagnostic, skipping
2025-07-20T01:20:35.158682Z TRACE ThreadId(01) Code L-C14 does not have a diagnostic, skipping
2025-07-20T01:20:35.158685Z TRACE ThreadId(01) Code L-C14 does not have a diagnostic, skipping
2025-07-20T01:20:35.158687Z TRACE ThreadId(01) Code L-C14 does not have a diagnostic, skipping
2025-07-20T01:20:35.158690Z TRACE ThreadId(01) Code L-C14 does not have a diagnostic, skipping
2025-07-20T01:20:35.158692Z TRACE ThreadId(01) Code L-C14 does not have a diagnostic, skipping
2025-07-20T01:20:35.158695Z TRACE ThreadId(01) Code L-C14 does not have a diagnostic, skipping
2025-07-20T01:20:35.158697Z TRACE ThreadId(01) Code L-C14 does not have a diagnostic, skipping
2025-07-20T01:20:35.158700Z TRACE ThreadId(01) Code L-C14 does not have a diagnostic, skipping
2025-07-20T01:20:35.158702Z TRACE ThreadId(01) Code L-C14 does not have a diagnostic, skipping
2025-07-20T01:20:35.158705Z TRACE ThreadId(01) Code L-C14 does not have a diagnostic, skipping
2025-07-20T01:20:35.158707Z TRACE ThreadId(01) Code L-C14 does not have a diagnostic, skipping
2025-07-20T01:20:35.158710Z TRACE ThreadId(01) Code L-C14 does not have a diagnostic, skipping
2025-07-20T01:20:35.158713Z TRACE ThreadId(01) Code L-C14 does not have a diagnostic, skipping
2025-07-20T01:20:35.158715Z TRACE ThreadId(01) Code L-C14 does not have a diagnostic, skipping
2025-07-20T01:20:35.158717Z TRACE ThreadId(01) Code L-C14 does not have a diagnostic, skipping
2025-07-20T01:20:35.158720Z TRACE ThreadId(01) Code L-C14 does not have a diagnostic, skipping
2025-07-20T01:20:35.158723Z TRACE ThreadId(01) Code L-C14 does not have a diagnostic, skipping
2025-07-20T01:20:35.158725Z TRACE ThreadId(01) Code L-C14 does not have a diagnostic, skipping
2025-07-20T01:20:35.158727Z TRACE ThreadId(01) Code L-C14 does not have a diagnostic, skipping
2025-07-20T01:20:35.158731Z TRACE ThreadId(01) Code L-C14 does not have a diagnostic, skipping
2025-07-20T01:20:35.158735Z TRACE ThreadId(01) Code L-C14 does not have a diagnostic, skipping
2025-07-20T01:20:35.158738Z TRACE ThreadId(01) Code L-C14 does not have a diagnostic, skipping
2025-07-20T01:20:35.158740Z TRACE ThreadId(01) Code L-C14 does not have a diagnostic, skipping
2025-07-20T01:20:35.158743Z TRACE ThreadId(01) Code L-C14 does not have a diagnostic, skipping
2025-07-20T01:20:35.158745Z TRACE ThreadId(01) Code L-C14 does not have a diagnostic, skipping
2025-07-20T01:20:35.158748Z TRACE ThreadId(01) Code L-C14 does not have a diagnostic, skipping
2025-07-20T01:20:35.158750Z TRACE ThreadId(01) Code L-C14 does not have a diagnostic, skipping
2025-07-20T01:20:35.158753Z TRACE ThreadId(01) Code L-C14 does not have a diagnostic, skipping
2025-07-20T01:20:35.158755Z TRACE ThreadId(01) Code L-C14 does not have a diagnostic, skipping
2025-07-20T01:20:35.158758Z TRACE ThreadId(01) Code L-C14 does not have a diagnostic, skipping
2025-07-20T01:20:35.158761Z TRACE ThreadId(01) Code L-C14 does not have a diagnostic, skipping
2025-07-20T01:20:35.158763Z TRACE ThreadId(01) Code L-C14 does not have a diagnostic, skipping
2025-07-20T01:20:35.158766Z TRACE ThreadId(01) Code L-C14 does not have a diagnostic, skipping
2025-07-20T01:20:35.158768Z TRACE ThreadId(01) Code L-C14 does not have a diagnostic, skipping
2025-07-20T01:20:35.158771Z TRACE ThreadId(01) Code L-C14 does not have a diagnostic, skipping
2025-07-20T01:20:35.158774Z TRACE ThreadId(01) Code L-C14 does not have a diagnostic, skipping
2025-07-20T01:20:35.158776Z TRACE ThreadId(01) Code L-C14 does not have a diagnostic, skipping
2025-07-20T01:20:35.158779Z TRACE ThreadId(01) Code L-C14 does not have a diagnostic, skipping
2025-07-20T01:20:35.158781Z TRACE ThreadId(01) Code L-C14 does not have a diagnostic, skipping
2025-07-20T01:20:35.158784Z TRACE ThreadId(01) Code L-C14 does not have a diagnostic, skipping
2025-07-20T01:20:35.158787Z TRACE ThreadId(01) Code L-C14 does not have a diagnostic, skipping
2025-07-20T01:20:35.158789Z TRACE ThreadId(01) Code L-C14 does not have a diagnostic, skipping
2025-07-20T01:20:35.159367Z TRACE ThreadId(01) wrote 86 ci annotations to .hemttout/ci_annotations.txt
